<?xml version="1.0" encoding="UTF-8"?>
<!-- Generated by org.testng.reporters.JUnitXMLReporter -->
<testsuite hostname="IN-LT71660" name="Test" tests="3" failures="0" timestamp="19 Feb 2020 04:35:36 GMT" time="44.821" errors="0">
  <testcase name="testGetFacebookPageTitle" time="18.51" classname="demo.GetFacebookPageTitle"/>
  <testcase name="testGetGmailPageTitle" time="13.272" classname="demo.GetGmailPageTitle"/>
  <testcase name="testGetPageTitle" time="13.016" classname="demo.GetGooglePageTitle"/>
</testsuite> <!-- Test -->
