<?xml version="1.0" encoding="UTF-8"?>
<!-- Generated by org.testng.reporters.JUnitXMLReporter -->
<testsuite hostname="IN-LT71660" name="Test" tests="3" failures="0" timestamp="17 Jun 2020 07:42:08 GMT" time="88.629" errors="0">
  <testcase name="testGetFacebookPageTitle" time="35.589" classname="demo.GetFacebookPageTitle"/>
  <testcase name="testGetGmailPageTitle" time="32.656" classname="demo.GetGmailPageTitle"/>
  <testcase name="testGetPageTitle" time="20.352" classname="demo.GetGooglePageTitle"/>
</testsuite> <!-- Test -->
