<?xml version="1.0" encoding="UTF-8"?>
<!-- Generated by org.testng.reporters.JUnitXMLReporter -->
<testsuite hostname="IN-LT71660" name="Test" tests="3" failures="0" timestamp="31 Jan 2020 10:03:00 GMT" time="39.864" errors="0">
  <testcase name="testGetFacebookPageTitle" time="16.717" classname="demo.GetFacebookPageTitle"/>
  <testcase name="testGetGmailPageTitle" time="11.935" classname="demo.GetGmailPageTitle"/>
  <testcase name="testGetPageTitle" time="11.201" classname="demo.GetGooglePageTitle"/>
</testsuite> <!-- Test -->
