<?xml version="1.0" encoding="UTF-8"?>
<!-- Generated by org.testng.reporters.JUnitXMLReporter -->
<testsuite hostname="IN-LT71660" name="Test" tests="3" failures="0" timestamp="10 Sep 2019 04:44:38 GMT" time="32.982" errors="0">
  <testcase name="testGetFacebookPageTitle" time="14.945" classname="demo.GetFacebookPageTitle"/>
  <testcase name="testGetGmailPageTitle" time="10.055" classname="demo.GetGmailPageTitle"/>
  <testcase name="testGetPageTitle" time="7.959" classname="demo.GetGooglePageTitle"/>
</testsuite> <!-- Test -->
